[0.088s] Invoking command in '/home/ajf/ROS2_Cpp_tutorial_path/build/topics_quiz': /usr/bin/cmake /home/ajf/ROS2_Cpp_tutorial_path/src/agv_sim_oa_sub_pub -DCMAKE_INSTALL_PREFIX=/home/ajf/ROS2_Cpp_tutorial_path/install/topics_quiz
[0.111s] -- Found ament_cmake: 1.3.5 (/opt/ros/humble/share/ament_cmake/cmake)
[0.556s] -- Found Python3: /usr/bin/python3.10 (found version "3.10.12") found components: Interpreter 
[0.682s] -- Found rclcpp: 16.0.6 (/opt/ros/humble/share/rclcpp/cmake)
[0.751s] -- Found rosidl_generator_c: 3.1.5 (/opt/ros/humble/share/rosidl_generator_c/cmake)
[0.759s] -- Found rosidl_adapter: 3.1.5 (/opt/ros/humble/share/rosidl_adapter/cmake)
[0.773s] -- Found rosidl_generator_cpp: 3.1.5 (/opt/ros/humble/share/rosidl_generator_cpp/cmake)
[0.794s] -- Using all available rosidl_typesupport_c: rosidl_typesupport_fastrtps_c;rosidl_typesupport_introspection_c
[0.826s] -- Using all available rosidl_typesupport_cpp: rosidl_typesupport_fastrtps_cpp;rosidl_typesupport_introspection_cpp
[0.929s] -- Found rmw_implementation_cmake: 6.1.1 (/opt/ros/humble/share/rmw_implementation_cmake/cmake)
[0.933s] -- Found rmw_fastrtps_cpp: 6.2.4 (/opt/ros/humble/share/rmw_fastrtps_cpp/cmake)
[1.068s] -- Found OpenSSL: /usr/lib/x86_64-linux-gnu/libcrypto.so (found version "3.0.2")  
[1.103s] -- Found FastRTPS: /opt/ros/humble/include  
[1.168s] -- Using RMW implementation 'rmw_fastrtps_cpp' as default
[1.182s] -- Looking for pthread.h
[1.284s] -- Looking for pthread.h - found
[1.285s] -- Performing Test CMAKE_HAVE_LIBC_PTHREAD
[1.390s] -- Performing Test CMAKE_HAVE_LIBC_PTHREAD - Success
[1.391s] -- Found Threads: TRUE  
[1.643s] -- Found nav_msgs: 4.2.3 (/opt/ros/humble/share/nav_msgs/cmake)
[1.824s] -- Found sensor_msgs: 4.2.3 (/opt/ros/humble/share/sensor_msgs/cmake)
[1.948s] -- Found ament_lint_auto: 0.12.8 (/opt/ros/humble/share/ament_lint_auto/cmake)
[2.012s] Error parsing '/home/ajf/ROS2_Cpp_tutorial_path/src/agv_sim_oa_sub_pub/package.xml':
[2.066s] Traceback (most recent call last):
[2.066s]   File "/opt/ros/humble/share/ament_cmake_core/cmake/core/package_xml_2_cmake.py", line 150, in <module>
[2.067s]     main()
[2.067s]   File "/opt/ros/humble/share/ament_cmake_core/cmake/core/package_xml_2_cmake.py", line 53, in main
[2.067s]     raise e
[2.067s]   File "/opt/ros/humble/share/ament_cmake_core/cmake/core/package_xml_2_cmake.py", line 49, in main
[2.067s]     package = parse_package_string(
[2.067s]   File "/usr/lib/python3/dist-packages/catkin_pkg/package.py", line 788, in parse_package_string
[2.070s]     pkg.validate(warnings=warnings)
[2.070s]   File "/usr/lib/python3/dist-packages/catkin_pkg/package.py", line 330, in validate
[2.070s]     raise InvalidPackage('\n'.join(errors), self.filename)
[2.070s] catkin_pkg.package.InvalidPackage: Error(s) in package '/home/ajf/ROS2_Cpp_tutorial_path/src/agv_sim_oa_sub_pub/package.xml':
[2.070s] Invalid email "ajfesharaki110@gmailcom" for person "user"
[2.088s] [31mCMake Error at /opt/ros/humble/share/ament_cmake_core/cmake/core/ament_package_xml.cmake:95 (message):
[2.089s]   execute_process(/usr/bin/python3.10
[2.089s]   /opt/ros/humble/share/ament_cmake_core/cmake/core/package_xml_2_cmake.py
[2.089s]   /home/ajf/ROS2_Cpp_tutorial_path/src/agv_sim_oa_sub_pub/package.xml
[2.089s]   /home/ajf/ROS2_Cpp_tutorial_path/build/topics_quiz/ament_cmake_core/package.cmake)
[2.089s]   returned error code 1
[2.089s] Call Stack (most recent call first):
[2.089s]   /opt/ros/humble/share/ament_cmake_core/cmake/core/ament_package_xml.cmake:49 (_ament_package_xml)
[2.090s]   /opt/ros/humble/share/ament_lint_auto/cmake/ament_lint_auto_find_test_dependencies.cmake:31 (ament_package_xml)
[2.090s]   CMakeLists.txt:35 (ament_lint_auto_find_test_dependencies)
[2.090s] 
[2.090s] [0m
[2.090s] -- Configuring incomplete, errors occurred!
[2.090s] See also "/home/ajf/ROS2_Cpp_tutorial_path/build/topics_quiz/CMakeFiles/CMakeOutput.log".
[2.099s] Invoked command in '/home/ajf/ROS2_Cpp_tutorial_path/build/topics_quiz' returned '1': /usr/bin/cmake /home/ajf/ROS2_Cpp_tutorial_path/src/agv_sim_oa_sub_pub -DCMAKE_INSTALL_PREFIX=/home/ajf/ROS2_Cpp_tutorial_path/install/topics_quiz
