[1.466s] DEBUG:colcon:Command line arguments: ['/usr/bin/colcon', 'build', '--symlink-install']
[1.467s] DEBUG:colcon:Parsed command line arguments: Namespace(log_base=None, log_level=None, verb_name='build', build_base='build', install_base='install', merge_install=False, symlink_install=True, test_result_base=None, continue_on_error=False, executor='parallel', parallel_workers=8, event_handlers=None, ignore_user_meta=False, metas=['./colcon.meta'], base_paths=['.'], packages_ignore=None, packages_ignore_regex=None, paths=None, packages_up_to=None, packages_up_to_regex=None, packages_above=None, packages_above_and_dependencies=None, packages_above_depth=None, packages_select_by_dep=None, packages_skip_by_dep=None, packages_skip_up_to=None, packages_select_build_failed=False, packages_skip_build_finished=False, packages_select_test_failures=False, packages_skip_test_passed=False, packages_select=None, packages_skip=None, packages_select_regex=None, packages_skip_regex=None, packages_start=None, packages_end=None, allow_overriding=[], cmake_args=None, cmake_target=None, cmake_target_skip_unavailable=False, cmake_clean_cache=False, cmake_clean_first=False, cmake_force_configure=False, ament_cmake_args=None, catkin_cmake_args=None, catkin_skip_building_tests=False, verb_parser=<colcon_defaults.argument_parser.defaults.DefaultArgumentsDecorator object at 0x7fcc601e73a0>, verb_extension=<colcon_core.verb.build.BuildVerb object at 0x7fcc606f7ee0>, main=<bound method BuildVerb.main of <colcon_core.verb.build.BuildVerb object at 0x7fcc606f7ee0>>)
[1.541s] Level 1:colcon.colcon_core.package_discovery:discover_packages(colcon_meta) check parameters
[1.542s] Level 1:colcon.colcon_core.package_discovery:discover_packages(recursive) check parameters
[1.542s] Level 1:colcon.colcon_core.package_discovery:discover_packages(ignore) check parameters
[1.542s] Level 1:colcon.colcon_core.package_discovery:discover_packages(path) check parameters
[1.542s] Level 1:colcon.colcon_core.package_discovery:discover_packages(colcon_meta) discover
[1.542s] Level 1:colcon.colcon_core.package_discovery:discover_packages(recursive) discover
[1.542s] INFO:colcon.colcon_core.package_discovery:Crawling recursively for packages in '/home/ajf/ROS2_Cpp_tutorial_path'
[1.542s] Level 1:colcon.colcon_core.package_identification:_identify(.) by extensions ['ignore', 'ignore_ament_install']
[1.542s] Level 1:colcon.colcon_core.package_identification:_identify(.) by extension 'ignore'
[1.542s] Level 1:colcon.colcon_core.package_identification:_identify(.) by extension 'ignore_ament_install'
[1.542s] Level 1:colcon.colcon_core.package_identification:_identify(.) by extensions ['colcon_pkg']
[1.542s] Level 1:colcon.colcon_core.package_identification:_identify(.) by extension 'colcon_pkg'
[1.542s] Level 1:colcon.colcon_core.package_identification:_identify(.) by extensions ['colcon_meta']
[1.542s] Level 1:colcon.colcon_core.package_identification:_identify(.) by extension 'colcon_meta'
[1.542s] Level 1:colcon.colcon_core.package_identification:_identify(.) by extensions ['ros']
[1.543s] Level 1:colcon.colcon_core.package_identification:_identify(.) by extension 'ros'
[1.558s] Level 1:colcon.colcon_core.package_identification:_identify(.) by extensions ['cmake', 'python']
[1.559s] Level 1:colcon.colcon_core.package_identification:_identify(.) by extension 'cmake'
[1.559s] Level 1:colcon.colcon_core.package_identification:_identify(.) by extension 'python'
[1.559s] Level 1:colcon.colcon_core.package_identification:_identify(.) by extensions ['python_setup_py']
[1.559s] Level 1:colcon.colcon_core.package_identification:_identify(.) by extension 'python_setup_py'
[1.559s] Level 1:colcon.colcon_core.package_identification:_identify(build) by extensions ['ignore', 'ignore_ament_install']
[1.559s] Level 1:colcon.colcon_core.package_identification:_identify(build) by extension 'ignore'
[1.559s] Level 1:colcon.colcon_core.package_identification:_identify(build) ignored
[1.559s] Level 1:colcon.colcon_core.package_identification:_identify(install) by extensions ['ignore', 'ignore_ament_install']
[1.559s] Level 1:colcon.colcon_core.package_identification:_identify(install) by extension 'ignore'
[1.559s] Level 1:colcon.colcon_core.package_identification:_identify(install) ignored
[1.559s] Level 1:colcon.colcon_core.package_identification:_identify(log) by extensions ['ignore', 'ignore_ament_install']
[1.560s] Level 1:colcon.colcon_core.package_identification:_identify(log) by extension 'ignore'
[1.560s] Level 1:colcon.colcon_core.package_identification:_identify(log) ignored
[1.560s] Level 1:colcon.colcon_core.package_identification:_identify(src) by extensions ['ignore', 'ignore_ament_install']
[1.560s] Level 1:colcon.colcon_core.package_identification:_identify(src) by extension 'ignore'
[1.560s] Level 1:colcon.colcon_core.package_identification:_identify(src) by extension 'ignore_ament_install'
[1.560s] Level 1:colcon.colcon_core.package_identification:_identify(src) by extensions ['colcon_pkg']
[1.560s] Level 1:colcon.colcon_core.package_identification:_identify(src) by extension 'colcon_pkg'
[1.560s] Level 1:colcon.colcon_core.package_identification:_identify(src) by extensions ['colcon_meta']
[1.560s] Level 1:colcon.colcon_core.package_identification:_identify(src) by extension 'colcon_meta'
[1.560s] Level 1:colcon.colcon_core.package_identification:_identify(src) by extensions ['ros']
[1.560s] Level 1:colcon.colcon_core.package_identification:_identify(src) by extension 'ros'
[1.560s] Level 1:colcon.colcon_core.package_identification:_identify(src) by extensions ['cmake', 'python']
[1.560s] Level 1:colcon.colcon_core.package_identification:_identify(src) by extension 'cmake'
[1.560s] Level 1:colcon.colcon_core.package_identification:_identify(src) by extension 'python'
[1.560s] Level 1:colcon.colcon_core.package_identification:_identify(src) by extensions ['python_setup_py']
[1.560s] Level 1:colcon.colcon_core.package_identification:_identify(src) by extension 'python_setup_py'
[1.560s] Level 1:colcon.colcon_core.package_identification:_identify(src/agv_sim_oa_sub_pub) by extensions ['ignore', 'ignore_ament_install']
[1.561s] Level 1:colcon.colcon_core.package_identification:_identify(src/agv_sim_oa_sub_pub) by extension 'ignore'
[1.561s] Level 1:colcon.colcon_core.package_identification:_identify(src/agv_sim_oa_sub_pub) by extension 'ignore_ament_install'
[1.561s] Level 1:colcon.colcon_core.package_identification:_identify(src/agv_sim_oa_sub_pub) by extensions ['colcon_pkg']
[1.561s] Level 1:colcon.colcon_core.package_identification:_identify(src/agv_sim_oa_sub_pub) by extension 'colcon_pkg'
[1.561s] Level 1:colcon.colcon_core.package_identification:_identify(src/agv_sim_oa_sub_pub) by extensions ['colcon_meta']
[1.561s] Level 1:colcon.colcon_core.package_identification:_identify(src/agv_sim_oa_sub_pub) by extension 'colcon_meta'
[1.561s] Level 1:colcon.colcon_core.package_identification:_identify(src/agv_sim_oa_sub_pub) by extensions ['ros']
[1.561s] Level 1:colcon.colcon_core.package_identification:_identify(src/agv_sim_oa_sub_pub) by extension 'ros'
[1.564s] DEBUG:colcon.colcon_core.package_identification:Package 'src/agv_sim_oa_sub_pub' with type 'ros.ament_cmake' and name 'agv_sim_oa_sub_pub'
[1.564s] Level 1:colcon.colcon_core.package_discovery:discover_packages(recursive) using defaults
[1.564s] Level 1:colcon.colcon_core.package_discovery:discover_packages(ignore) discover
[1.564s] Level 1:colcon.colcon_core.package_discovery:discover_packages(ignore) using defaults
[1.564s] Level 1:colcon.colcon_core.package_discovery:discover_packages(path) discover
[1.564s] Level 1:colcon.colcon_core.package_discovery:discover_packages(path) using defaults
[1.700s] Level 1:colcon.colcon_core.package_discovery:discover_packages(prefix_path) check parameters
[1.700s] Level 1:colcon.colcon_core.package_discovery:discover_packages(prefix_path) discover
[1.752s] DEBUG:colcon.colcon_installed_package_information.package_discovery:Found 386 installed packages in /opt/ros/humble
[1.753s] Level 1:colcon.colcon_core.package_discovery:discover_packages(prefix_path) using defaults
[1.871s] Level 5:colcon.colcon_core.verb:set package 'agv_sim_oa_sub_pub' build argument 'cmake_args' from command line to 'None'
[1.871s] Level 5:colcon.colcon_core.verb:set package 'agv_sim_oa_sub_pub' build argument 'cmake_target' from command line to 'None'
[1.871s] Level 5:colcon.colcon_core.verb:set package 'agv_sim_oa_sub_pub' build argument 'cmake_target_skip_unavailable' from command line to 'False'
[1.871s] Level 5:colcon.colcon_core.verb:set package 'agv_sim_oa_sub_pub' build argument 'cmake_clean_cache' from command line to 'False'
[1.871s] Level 5:colcon.colcon_core.verb:set package 'agv_sim_oa_sub_pub' build argument 'cmake_clean_first' from command line to 'False'
[1.871s] Level 5:colcon.colcon_core.verb:set package 'agv_sim_oa_sub_pub' build argument 'cmake_force_configure' from command line to 'False'
[1.871s] Level 5:colcon.colcon_core.verb:set package 'agv_sim_oa_sub_pub' build argument 'ament_cmake_args' from command line to 'None'
[1.871s] Level 5:colcon.colcon_core.verb:set package 'agv_sim_oa_sub_pub' build argument 'catkin_cmake_args' from command line to 'None'
[1.871s] Level 5:colcon.colcon_core.verb:set package 'agv_sim_oa_sub_pub' build argument 'catkin_skip_building_tests' from command line to 'False'
[1.871s] DEBUG:colcon.colcon_core.verb:Building package 'agv_sim_oa_sub_pub' with the following arguments: {'ament_cmake_args': None, 'build_base': '/home/ajf/ROS2_Cpp_tutorial_path/build/agv_sim_oa_sub_pub', 'catkin_cmake_args': None, 'catkin_skip_building_tests': False, 'cmake_args': None, 'cmake_clean_cache': False, 'cmake_clean_first': False, 'cmake_force_configure': False, 'cmake_target': None, 'cmake_target_skip_unavailable': False, 'install_base': '/home/ajf/ROS2_Cpp_tutorial_path/install/agv_sim_oa_sub_pub', 'merge_install': False, 'path': '/home/ajf/ROS2_Cpp_tutorial_path/src/agv_sim_oa_sub_pub', 'symlink_install': True, 'test_result_base': None}
[1.904s] INFO:colcon.colcon_core.executor:Executing jobs using 'parallel' executor
[1.927s] DEBUG:colcon.colcon_parallel_executor.executor.parallel:run_until_complete
[1.928s] INFO:colcon.colcon_ros.task.ament_cmake.build:Building ROS package in '/home/ajf/ROS2_Cpp_tutorial_path/src/agv_sim_oa_sub_pub' with build type 'ament_cmake'
[1.928s] INFO:colcon.colcon_cmake.task.cmake.build:Building CMake package in '/home/ajf/ROS2_Cpp_tutorial_path/src/agv_sim_oa_sub_pub'
[1.956s] INFO:colcon.colcon_core.plugin_system:Skipping extension 'colcon_core.shell.bat': Not used on non-Windows systems
[1.956s] INFO:colcon.colcon_core.shell:Skip shell extension 'powershell' for command environment: Not usable outside of PowerShell
[1.956s] DEBUG:colcon.colcon_core.shell:Skip shell extension 'dsv' for command environment
[2.014s] DEBUG:colcon.colcon_core.event_handler.log_command:Invoking command in '/home/ajf/ROS2_Cpp_tutorial_path/build/agv_sim_oa_sub_pub': CMAKE_PREFIX_PATH=/opt/ros/humble /usr/bin/cmake /home/ajf/ROS2_Cpp_tutorial_path/src/agv_sim_oa_sub_pub -DAMENT_CMAKE_SYMLINK_INSTALL=1 -DCMAKE_INSTALL_PREFIX=/home/ajf/ROS2_Cpp_tutorial_path/install/agv_sim_oa_sub_pub
[3.190s] DEBUG:colcon.colcon_core.event_handler.log_command:Invoked command in '/home/ajf/ROS2_Cpp_tutorial_path/build/agv_sim_oa_sub_pub' returned '0': CMAKE_PREFIX_PATH=/opt/ros/humble /usr/bin/cmake /home/ajf/ROS2_Cpp_tutorial_path/src/agv_sim_oa_sub_pub -DAMENT_CMAKE_SYMLINK_INSTALL=1 -DCMAKE_INSTALL_PREFIX=/home/ajf/ROS2_Cpp_tutorial_path/install/agv_sim_oa_sub_pub
[3.193s] DEBUG:colcon.colcon_core.event_handler.log_command:Invoking command in '/home/ajf/ROS2_Cpp_tutorial_path/build/agv_sim_oa_sub_pub': CMAKE_PREFIX_PATH=/opt/ros/humble /usr/bin/cmake --build /home/ajf/ROS2_Cpp_tutorial_path/build/agv_sim_oa_sub_pub -- -j8 -l8
[14.352s] DEBUG:colcon.colcon_core.event_handler.log_command:Invoked command in '/home/ajf/ROS2_Cpp_tutorial_path/build/agv_sim_oa_sub_pub' returned '0': CMAKE_PREFIX_PATH=/opt/ros/humble /usr/bin/cmake --build /home/ajf/ROS2_Cpp_tutorial_path/build/agv_sim_oa_sub_pub -- -j8 -l8
[14.437s] DEBUG:colcon.colcon_core.event_handler.log_command:Invoking command in '/home/ajf/ROS2_Cpp_tutorial_path/build/agv_sim_oa_sub_pub': CMAKE_PREFIX_PATH=/opt/ros/humble /usr/bin/cmake --install /home/ajf/ROS2_Cpp_tutorial_path/build/agv_sim_oa_sub_pub
[14.651s] Level 1:colcon.colcon_core.environment:create_environment_scripts_only(agv_sim_oa_sub_pub)
[14.652s] DEBUG:colcon.colcon_core.event_handler.log_command:Invoked command in '/home/ajf/ROS2_Cpp_tutorial_path/build/agv_sim_oa_sub_pub' returned '0': CMAKE_PREFIX_PATH=/opt/ros/humble /usr/bin/cmake --install /home/ajf/ROS2_Cpp_tutorial_path/build/agv_sim_oa_sub_pub
[14.680s] Level 1:colcon.colcon_core.environment:checking '/home/ajf/ROS2_Cpp_tutorial_path/install/agv_sim_oa_sub_pub' for CMake module files
[14.680s] Level 1:colcon.colcon_core.environment:checking '/home/ajf/ROS2_Cpp_tutorial_path/install/agv_sim_oa_sub_pub' for CMake config files
[14.680s] Level 1:colcon.colcon_core.shell:create_environment_hook('agv_sim_oa_sub_pub', 'cmake_prefix_path')
[14.704s] INFO:colcon.colcon_core.shell:Creating environment hook '/home/ajf/ROS2_Cpp_tutorial_path/install/agv_sim_oa_sub_pub/share/agv_sim_oa_sub_pub/hook/cmake_prefix_path.ps1'
[14.708s] INFO:colcon.colcon_core.shell:Creating environment descriptor '/home/ajf/ROS2_Cpp_tutorial_path/install/agv_sim_oa_sub_pub/share/agv_sim_oa_sub_pub/hook/cmake_prefix_path.dsv'
[14.708s] INFO:colcon.colcon_core.shell:Creating environment hook '/home/ajf/ROS2_Cpp_tutorial_path/install/agv_sim_oa_sub_pub/share/agv_sim_oa_sub_pub/hook/cmake_prefix_path.sh'
[14.709s] Level 1:colcon.colcon_core.environment:checking '/home/ajf/ROS2_Cpp_tutorial_path/install/agv_sim_oa_sub_pub/lib'
[14.710s] Level 1:colcon.colcon_core.environment:checking '/home/ajf/ROS2_Cpp_tutorial_path/install/agv_sim_oa_sub_pub/bin'
[14.710s] Level 1:colcon.colcon_core.environment:checking '/home/ajf/ROS2_Cpp_tutorial_path/install/agv_sim_oa_sub_pub/lib/pkgconfig/agv_sim_oa_sub_pub.pc'
[14.710s] Level 1:colcon.colcon_core.environment:checking '/home/ajf/ROS2_Cpp_tutorial_path/install/agv_sim_oa_sub_pub/lib/python3.10/site-packages'
[14.710s] Level 1:colcon.colcon_core.environment:checking '/home/ajf/ROS2_Cpp_tutorial_path/install/agv_sim_oa_sub_pub/bin'
[14.736s] INFO:colcon.colcon_core.shell:Creating package script '/home/ajf/ROS2_Cpp_tutorial_path/install/agv_sim_oa_sub_pub/share/agv_sim_oa_sub_pub/package.ps1'
[14.737s] INFO:colcon.colcon_core.shell:Creating package descriptor '/home/ajf/ROS2_Cpp_tutorial_path/install/agv_sim_oa_sub_pub/share/agv_sim_oa_sub_pub/package.dsv'
[14.738s] INFO:colcon.colcon_core.shell:Creating package script '/home/ajf/ROS2_Cpp_tutorial_path/install/agv_sim_oa_sub_pub/share/agv_sim_oa_sub_pub/package.sh'
[14.739s] INFO:colcon.colcon_core.shell:Creating package script '/home/ajf/ROS2_Cpp_tutorial_path/install/agv_sim_oa_sub_pub/share/agv_sim_oa_sub_pub/package.bash'
[14.739s] INFO:colcon.colcon_core.shell:Creating package script '/home/ajf/ROS2_Cpp_tutorial_path/install/agv_sim_oa_sub_pub/share/agv_sim_oa_sub_pub/package.zsh'
[14.740s] Level 1:colcon.colcon_core.environment:create_file_with_runtime_dependencies(/home/ajf/ROS2_Cpp_tutorial_path/install/agv_sim_oa_sub_pub/share/colcon-core/packages/agv_sim_oa_sub_pub)
[14.801s] Level 1:colcon.colcon_core.environment:create_environment_scripts_only(agv_sim_oa_sub_pub)
[14.824s] Level 1:colcon.colcon_core.environment:checking '/home/ajf/ROS2_Cpp_tutorial_path/install/agv_sim_oa_sub_pub' for CMake module files
[14.825s] Level 1:colcon.colcon_core.environment:checking '/home/ajf/ROS2_Cpp_tutorial_path/install/agv_sim_oa_sub_pub' for CMake config files
[14.825s] Level 1:colcon.colcon_core.shell:create_environment_hook('agv_sim_oa_sub_pub', 'cmake_prefix_path')
[14.848s] INFO:colcon.colcon_core.shell:Creating environment hook '/home/ajf/ROS2_Cpp_tutorial_path/install/agv_sim_oa_sub_pub/share/agv_sim_oa_sub_pub/hook/cmake_prefix_path.ps1'
[14.849s] INFO:colcon.colcon_core.shell:Creating environment descriptor '/home/ajf/ROS2_Cpp_tutorial_path/install/agv_sim_oa_sub_pub/share/agv_sim_oa_sub_pub/hook/cmake_prefix_path.dsv'
[14.849s] INFO:colcon.colcon_core.shell:Creating environment hook '/home/ajf/ROS2_Cpp_tutorial_path/install/agv_sim_oa_sub_pub/share/agv_sim_oa_sub_pub/hook/cmake_prefix_path.sh'
[14.850s] Level 1:colcon.colcon_core.environment:checking '/home/ajf/ROS2_Cpp_tutorial_path/install/agv_sim_oa_sub_pub/lib'
[14.850s] Level 1:colcon.colcon_core.environment:checking '/home/ajf/ROS2_Cpp_tutorial_path/install/agv_sim_oa_sub_pub/bin'
[14.850s] Level 1:colcon.colcon_core.environment:checking '/home/ajf/ROS2_Cpp_tutorial_path/install/agv_sim_oa_sub_pub/lib/pkgconfig/agv_sim_oa_sub_pub.pc'
[14.850s] Level 1:colcon.colcon_core.environment:checking '/home/ajf/ROS2_Cpp_tutorial_path/install/agv_sim_oa_sub_pub/lib/python3.10/site-packages'
[14.850s] Level 1:colcon.colcon_core.environment:checking '/home/ajf/ROS2_Cpp_tutorial_path/install/agv_sim_oa_sub_pub/bin'
[14.881s] INFO:colcon.colcon_core.shell:Creating package script '/home/ajf/ROS2_Cpp_tutorial_path/install/agv_sim_oa_sub_pub/share/agv_sim_oa_sub_pub/package.ps1'
[14.882s] INFO:colcon.colcon_core.shell:Creating package descriptor '/home/ajf/ROS2_Cpp_tutorial_path/install/agv_sim_oa_sub_pub/share/agv_sim_oa_sub_pub/package.dsv'
[14.883s] INFO:colcon.colcon_core.shell:Creating package script '/home/ajf/ROS2_Cpp_tutorial_path/install/agv_sim_oa_sub_pub/share/agv_sim_oa_sub_pub/package.sh'
[14.883s] INFO:colcon.colcon_core.shell:Creating package script '/home/ajf/ROS2_Cpp_tutorial_path/install/agv_sim_oa_sub_pub/share/agv_sim_oa_sub_pub/package.bash'
[14.884s] INFO:colcon.colcon_core.shell:Creating package script '/home/ajf/ROS2_Cpp_tutorial_path/install/agv_sim_oa_sub_pub/share/agv_sim_oa_sub_pub/package.zsh'
[14.885s] Level 1:colcon.colcon_core.environment:create_file_with_runtime_dependencies(/home/ajf/ROS2_Cpp_tutorial_path/install/agv_sim_oa_sub_pub/share/colcon-core/packages/agv_sim_oa_sub_pub)
[14.885s] DEBUG:colcon.colcon_parallel_executor.executor.parallel:closing loop
[14.886s] DEBUG:colcon.colcon_parallel_executor.executor.parallel:loop closed
[14.886s] DEBUG:colcon.colcon_parallel_executor.executor.parallel:run_until_complete finished with '0'
[14.886s] DEBUG:colcon.colcon_core.event_reactor:joining thread
[14.919s] INFO:colcon.colcon_core.plugin_system:Skipping extension 'colcon_notification.desktop_notification.terminal_notifier': Not used on non-Darwin systems
[14.919s] INFO:colcon.colcon_core.plugin_system:Skipping extension 'colcon_notification.desktop_notification.win32': Not used on non-Windows systems
[14.919s] INFO:colcon.colcon_notification.desktop_notification:Sending desktop notification using 'notify2'
[14.934s] DEBUG:colcon.colcon_core.event_reactor:joined thread
[14.958s] INFO:colcon.colcon_core.shell:Creating prefix script '/home/ajf/ROS2_Cpp_tutorial_path/install/local_setup.ps1'
[14.959s] INFO:colcon.colcon_core.shell:Creating prefix util module '/home/ajf/ROS2_Cpp_tutorial_path/install/_local_setup_util_ps1.py'
[14.961s] INFO:colcon.colcon_core.shell:Creating prefix chain script '/home/ajf/ROS2_Cpp_tutorial_path/install/setup.ps1'
[14.986s] INFO:colcon.colcon_core.shell:Creating prefix script '/home/ajf/ROS2_Cpp_tutorial_path/install/local_setup.sh'
[14.986s] INFO:colcon.colcon_core.shell:Creating prefix util module '/home/ajf/ROS2_Cpp_tutorial_path/install/_local_setup_util_sh.py'
[14.987s] INFO:colcon.colcon_core.shell:Creating prefix chain script '/home/ajf/ROS2_Cpp_tutorial_path/install/setup.sh'
[15.016s] INFO:colcon.colcon_core.shell:Creating prefix script '/home/ajf/ROS2_Cpp_tutorial_path/install/local_setup.bash'
[15.016s] INFO:colcon.colcon_core.shell:Creating prefix chain script '/home/ajf/ROS2_Cpp_tutorial_path/install/setup.bash'
[15.040s] INFO:colcon.colcon_core.shell:Creating prefix script '/home/ajf/ROS2_Cpp_tutorial_path/install/local_setup.zsh'
[15.041s] INFO:colcon.colcon_core.shell:Creating prefix chain script '/home/ajf/ROS2_Cpp_tutorial_path/install/setup.zsh'
