[0.041s] Invoking command in '/home/ajf/ROS2_Cpp_tutorial_path/build/topics_quiz': /usr/bin/cmake /home/ajf/ROS2_Cpp_tutorial_path/src/agv_sim_oa_sub_pub -DCMAKE_INSTALL_PREFIX=/home/ajf/ROS2_Cpp_tutorial_path/install/topics_quiz
[0.153s] -- The C compiler identification is GNU 11.4.0
[0.259s] -- The CXX compiler identification is GNU 11.4.0
[0.272s] -- Detecting C compiler ABI info
[0.369s] -- Detecting C compiler ABI info - done
[0.384s] -- Check for working C compiler: /usr/bin/cc - skipped
[0.386s] -- Detecting C compile features
[0.387s] -- Detecting C compile features - done
[0.392s] -- Detecting CXX compiler ABI info
[0.505s] -- Detecting CXX compiler ABI info - done
[0.521s] -- Check for working CXX compiler: /usr/bin/c++ - skipped
[0.521s] -- Detecting CXX compile features
[0.522s] -- Detecting CXX compile features - done
[0.547s] [31mCMake Error at CMakeLists.txt:9 (find_package):
[0.547s]   By not providing "Findament_cmake.cmake" in CMAKE_MODULE_PATH this project
[0.547s]   has asked CMake to find a package configuration file provided by
[0.547s]   "ament_cmake", but CMake did not find one.
[0.547s] 
[0.547s]   Could not find a package configuration file provided by "ament_cmake" with
[0.547s]   any of the following names:
[0.547s] 
[0.547s]     ament_cmakeConfig.cmake
[0.547s]     ament_cmake-config.cmake
[0.548s] 
[0.548s]   Add the installation prefix of "ament_cmake" to CMAKE_PREFIX_PATH or set
[0.548s]   "ament_cmake_DIR" to a directory containing one of the above files.  If
[0.548s]   "ament_cmake" provides a separate development package or SDK, be sure it
[0.548s]   has been installed.
[0.548s] 
[0.548s] [0m
[0.548s] -- Configuring incomplete, errors occurred!
[0.548s] See also "/home/ajf/ROS2_Cpp_tutorial_path/build/topics_quiz/CMakeFiles/CMakeOutput.log".
[0.553s] Invoked command in '/home/ajf/ROS2_Cpp_tutorial_path/build/topics_quiz' returned '1': /usr/bin/cmake /home/ajf/ROS2_Cpp_tutorial_path/src/agv_sim_oa_sub_pub -DCMAKE_INSTALL_PREFIX=/home/ajf/ROS2_Cpp_tutorial_path/install/topics_quiz
