-- Found ament_cmake: 1.3.5 (/opt/ros/humble/share/ament_cmake/cmake)
-- Override CMake install command with custom implementation using symlinks instead of copying resources
-- Found rclcpp: 16.0.6 (/opt/ros/humble/share/rclcpp/cmake)
-- Found rosidl_generator_c: 3.1.5 (/opt/ros/humble/share/rosidl_generator_c/cmake)
-- Found rosidl_adapter: 3.1.5 (/opt/ros/humble/share/rosidl_adapter/cmake)
-- Found rosidl_generator_cpp: 3.1.5 (/opt/ros/humble/share/rosidl_generator_cpp/cmake)
-- Using all available rosidl_typesupport_c: rosidl_typesupport_fastrtps_c;rosidl_typesupport_introspection_c
-- Using all available rosidl_typesupport_cpp: rosidl_typesupport_fastrtps_cpp;rosidl_typesupport_introspection_cpp
-- Found rmw_implementation_cmake: 6.1.1 (/opt/ros/humble/share/rmw_implementation_cmake/cmake)
-- Found rmw_fastrtps_cpp: 6.2.4 (/opt/ros/humble/share/rmw_fastrtps_cpp/cmake)
-- Using RMW implementation 'rmw_fastrtps_cpp' as default
-- Found nav_msgs: 4.2.3 (/opt/ros/humble/share/nav_msgs/cmake)
-- Found sensor_msgs: 4.2.3 (/opt/ros/humble/share/sensor_msgs/cmake)
-- Found ament_lint_auto: 0.12.8 (/opt/ros/humble/share/ament_lint_auto/cmake)
-- Added test 'cppcheck' to perform static code analysis on C / C++ code
-- Configured cppcheck include dirs: 
-- Configured cppcheck exclude dirs and/or files: 
-- Added test 'flake8' to check Python code syntax and style conventions
-- Added test 'lint_cmake' to check CMake code style
-- Added test 'pep257' to check Python code against some of the docstring style conventions in PEP 257
-- Added test 'uncrustify' to check C / C++ code style
-- Configured uncrustify additional arguments: 
-- Added test 'xmllint' to check XML markup files
-- Configuring done
-- Generating done
-- Build files have been written to: /home/ajf/ROS2_Cpp_tutorial_path/build/agv_sim_oa_sub_pub
[ 50%] [32mBuilding CXX object CMakeFiles/agv_sim_oa_sub_pub_node.dir/src/agv_sim_oa_sub_pub.cpp.o[0m
[100%] [32m[1mLinking CXX executable agv_sim_oa_sub_pub_node[0m
[100%] Built target agv_sim_oa_sub_pub_node
-- Install configuration: ""
-- Execute custom install script
-- Symlinking: /home/ajf/ROS2_Cpp_tutorial_path/install/agv_sim_oa_sub_pub/lib/agv_sim_oa_sub_pub/agv_sim_oa_sub_pub_node
-- Symlinking: /home/ajf/ROS2_Cpp_tutorial_path/install/agv_sim_oa_sub_pub/share/agv_sim_oa_sub_pub/launch/topics_quiz.launch.py
-- Symlinking: /home/ajf/ROS2_Cpp_tutorial_path/install/agv_sim_oa_sub_pub/share/ament_index/resource_index/package_run_dependencies/agv_sim_oa_sub_pub
-- Symlinking: /home/ajf/ROS2_Cpp_tutorial_path/install/agv_sim_oa_sub_pub/share/ament_index/resource_index/parent_prefix_path/agv_sim_oa_sub_pub
-- Symlinking: /home/ajf/ROS2_Cpp_tutorial_path/install/agv_sim_oa_sub_pub/share/agv_sim_oa_sub_pub/environment/ament_prefix_path.sh
-- Symlinking: /home/ajf/ROS2_Cpp_tutorial_path/install/agv_sim_oa_sub_pub/share/agv_sim_oa_sub_pub/environment/ament_prefix_path.dsv
-- Symlinking: /home/ajf/ROS2_Cpp_tutorial_path/install/agv_sim_oa_sub_pub/share/agv_sim_oa_sub_pub/environment/path.sh
-- Symlinking: /home/ajf/ROS2_Cpp_tutorial_path/install/agv_sim_oa_sub_pub/share/agv_sim_oa_sub_pub/environment/path.dsv
-- Symlinking: /home/ajf/ROS2_Cpp_tutorial_path/install/agv_sim_oa_sub_pub/share/agv_sim_oa_sub_pub/local_setup.bash
-- Symlinking: /home/ajf/ROS2_Cpp_tutorial_path/install/agv_sim_oa_sub_pub/share/agv_sim_oa_sub_pub/local_setup.sh
-- Symlinking: /home/ajf/ROS2_Cpp_tutorial_path/install/agv_sim_oa_sub_pub/share/agv_sim_oa_sub_pub/local_setup.zsh
-- Symlinking: /home/ajf/ROS2_Cpp_tutorial_path/install/agv_sim_oa_sub_pub/share/agv_sim_oa_sub_pub/local_setup.dsv
-- Symlinking: /home/ajf/ROS2_Cpp_tutorial_path/install/agv_sim_oa_sub_pub/share/agv_sim_oa_sub_pub/package.dsv
-- Symlinking: /home/ajf/ROS2_Cpp_tutorial_path/install/agv_sim_oa_sub_pub/share/ament_index/resource_index/packages/agv_sim_oa_sub_pub
-- Symlinking: /home/ajf/ROS2_Cpp_tutorial_path/install/agv_sim_oa_sub_pub/share/agv_sim_oa_sub_pub/cmake/agv_sim_oa_sub_pubConfig.cmake
-- Symlinking: /home/ajf/ROS2_Cpp_tutorial_path/install/agv_sim_oa_sub_pub/share/agv_sim_oa_sub_pub/cmake/agv_sim_oa_sub_pubConfig-version.cmake
-- Symlinking: /home/ajf/ROS2_Cpp_tutorial_path/install/agv_sim_oa_sub_pub/share/agv_sim_oa_sub_pub/package.xml
