[0.085s] Invoking command in '/home/ajf/ROS2_Cpp_tutorial_path/build/agv_sim_oa_sub_pub': CMAKE_PREFIX_PATH=/opt/ros/humble /usr/bin/cmake /home/ajf/ROS2_Cpp_tutorial_path/src/agv_sim_oa_sub_pub -DAMENT_CMAKE_SYMLINK_INSTALL=1 -DCMAKE_INSTALL_PREFIX=/home/ajf/ROS2_Cpp_tutorial_path/install/agv_sim_oa_sub_pub
[0.100s] -- Found ament_cmake: 1.3.5 (/opt/ros/humble/share/ament_cmake/cmake)
[0.276s] -- Override CMake install command with custom implementation using symlinks instead of copying resources
[0.285s] -- Found rclcpp: 16.0.6 (/opt/ros/humble/share/rclcpp/cmake)
[0.327s] -- Found rosidl_generator_c: 3.1.5 (/opt/ros/humble/share/rosidl_generator_c/cmake)
[0.331s] -- Found rosidl_adapter: 3.1.5 (/opt/ros/humble/share/rosidl_adapter/cmake)
[0.340s] -- Found rosidl_generator_cpp: 3.1.5 (/opt/ros/humble/share/rosidl_generator_cpp/cmake)
[0.355s] -- Using all available rosidl_typesupport_c: rosidl_typesupport_fastrtps_c;rosidl_typesupport_introspection_c
[0.375s] -- Using all available rosidl_typesupport_cpp: rosidl_typesupport_fastrtps_cpp;rosidl_typesupport_introspection_cpp
[0.463s] -- Found rmw_implementation_cmake: 6.1.1 (/opt/ros/humble/share/rmw_implementation_cmake/cmake)
[0.465s] -- Found rmw_fastrtps_cpp: 6.2.4 (/opt/ros/humble/share/rmw_fastrtps_cpp/cmake)
[0.628s] -- Using RMW implementation 'rmw_fastrtps_cpp' as default
[0.840s] -- Found nav_msgs: 4.2.3 (/opt/ros/humble/share/nav_msgs/cmake)
[1.002s] -- Found sensor_msgs: 4.2.3 (/opt/ros/humble/share/sensor_msgs/cmake)
[1.120s] -- Found ament_lint_auto: 0.12.8 (/opt/ros/humble/share/ament_lint_auto/cmake)
[1.227s] -- Added test 'cppcheck' to perform static code analysis on C / C++ code
[1.227s] -- Configured cppcheck include dirs: 
[1.227s] -- Configured cppcheck exclude dirs and/or files: 
[1.228s] -- Added test 'flake8' to check Python code syntax and style conventions
[1.229s] -- Added test 'lint_cmake' to check CMake code style
[1.230s] -- Added test 'pep257' to check Python code against some of the docstring style conventions in PEP 257
[1.231s] -- Added test 'uncrustify' to check C / C++ code style
[1.231s] -- Configured uncrustify additional arguments: 
[1.232s] -- Added test 'xmllint' to check XML markup files
[1.234s] -- Configuring done
[1.250s] -- Generating done
[1.251s] -- Build files have been written to: /home/ajf/ROS2_Cpp_tutorial_path/build/agv_sim_oa_sub_pub
[1.262s] Invoked command in '/home/ajf/ROS2_Cpp_tutorial_path/build/agv_sim_oa_sub_pub' returned '0': CMAKE_PREFIX_PATH=/opt/ros/humble /usr/bin/cmake /home/ajf/ROS2_Cpp_tutorial_path/src/agv_sim_oa_sub_pub -DAMENT_CMAKE_SYMLINK_INSTALL=1 -DCMAKE_INSTALL_PREFIX=/home/ajf/ROS2_Cpp_tutorial_path/install/agv_sim_oa_sub_pub
[1.265s] Invoking command in '/home/ajf/ROS2_Cpp_tutorial_path/build/agv_sim_oa_sub_pub': CMAKE_PREFIX_PATH=/opt/ros/humble /usr/bin/cmake --build /home/ajf/ROS2_Cpp_tutorial_path/build/agv_sim_oa_sub_pub -- -j8 -l8
[1.338s] [ 50%] [32mBuilding CXX object CMakeFiles/agv_sim_oa_sub_pub_node.dir/src/agv_sim_oa_sub_pub.cpp.o[0m
[11.774s] [100%] [32m[1mLinking CXX executable agv_sim_oa_sub_pub_node[0m
[12.408s] [100%] Built target agv_sim_oa_sub_pub_node
[12.424s] Invoked command in '/home/ajf/ROS2_Cpp_tutorial_path/build/agv_sim_oa_sub_pub' returned '0': CMAKE_PREFIX_PATH=/opt/ros/humble /usr/bin/cmake --build /home/ajf/ROS2_Cpp_tutorial_path/build/agv_sim_oa_sub_pub -- -j8 -l8
[12.509s] Invoking command in '/home/ajf/ROS2_Cpp_tutorial_path/build/agv_sim_oa_sub_pub': CMAKE_PREFIX_PATH=/opt/ros/humble /usr/bin/cmake --install /home/ajf/ROS2_Cpp_tutorial_path/build/agv_sim_oa_sub_pub
[12.518s] -- Install configuration: ""
[12.518s] -- Execute custom install script
[12.519s] -- Symlinking: /home/ajf/ROS2_Cpp_tutorial_path/install/agv_sim_oa_sub_pub/lib/agv_sim_oa_sub_pub/agv_sim_oa_sub_pub_node
[12.531s] -- Symlinking: /home/ajf/ROS2_Cpp_tutorial_path/install/agv_sim_oa_sub_pub/share/agv_sim_oa_sub_pub/launch/topics_quiz.launch.py
[12.543s] -- Symlinking: /home/ajf/ROS2_Cpp_tutorial_path/install/agv_sim_oa_sub_pub/share/ament_index/resource_index/package_run_dependencies/agv_sim_oa_sub_pub
[12.555s] -- Symlinking: /home/ajf/ROS2_Cpp_tutorial_path/install/agv_sim_oa_sub_pub/share/ament_index/resource_index/parent_prefix_path/agv_sim_oa_sub_pub
[12.568s] -- Symlinking: /home/ajf/ROS2_Cpp_tutorial_path/install/agv_sim_oa_sub_pub/share/agv_sim_oa_sub_pub/environment/ament_prefix_path.sh
[12.580s] -- Symlinking: /home/ajf/ROS2_Cpp_tutorial_path/install/agv_sim_oa_sub_pub/share/agv_sim_oa_sub_pub/environment/ament_prefix_path.dsv
[12.592s] -- Symlinking: /home/ajf/ROS2_Cpp_tutorial_path/install/agv_sim_oa_sub_pub/share/agv_sim_oa_sub_pub/environment/path.sh
[12.603s] -- Symlinking: /home/ajf/ROS2_Cpp_tutorial_path/install/agv_sim_oa_sub_pub/share/agv_sim_oa_sub_pub/environment/path.dsv
[12.615s] -- Symlinking: /home/ajf/ROS2_Cpp_tutorial_path/install/agv_sim_oa_sub_pub/share/agv_sim_oa_sub_pub/local_setup.bash
[12.626s] -- Symlinking: /home/ajf/ROS2_Cpp_tutorial_path/install/agv_sim_oa_sub_pub/share/agv_sim_oa_sub_pub/local_setup.sh
[12.637s] -- Symlinking: /home/ajf/ROS2_Cpp_tutorial_path/install/agv_sim_oa_sub_pub/share/agv_sim_oa_sub_pub/local_setup.zsh
[12.650s] -- Symlinking: /home/ajf/ROS2_Cpp_tutorial_path/install/agv_sim_oa_sub_pub/share/agv_sim_oa_sub_pub/local_setup.dsv
[12.662s] -- Symlinking: /home/ajf/ROS2_Cpp_tutorial_path/install/agv_sim_oa_sub_pub/share/agv_sim_oa_sub_pub/package.dsv
[12.675s] -- Symlinking: /home/ajf/ROS2_Cpp_tutorial_path/install/agv_sim_oa_sub_pub/share/ament_index/resource_index/packages/agv_sim_oa_sub_pub
[12.687s] -- Symlinking: /home/ajf/ROS2_Cpp_tutorial_path/install/agv_sim_oa_sub_pub/share/agv_sim_oa_sub_pub/cmake/agv_sim_oa_sub_pubConfig.cmake
[12.698s] -- Symlinking: /home/ajf/ROS2_Cpp_tutorial_path/install/agv_sim_oa_sub_pub/share/agv_sim_oa_sub_pub/cmake/agv_sim_oa_sub_pubConfig-version.cmake
[12.710s] -- Symlinking: /home/ajf/ROS2_Cpp_tutorial_path/install/agv_sim_oa_sub_pub/share/agv_sim_oa_sub_pub/package.xml
[12.723s] Invoked command in '/home/ajf/ROS2_Cpp_tutorial_path/build/agv_sim_oa_sub_pub' returned '0': CMAKE_PREFIX_PATH=/opt/ros/humble /usr/bin/cmake --install /home/ajf/ROS2_Cpp_tutorial_path/build/agv_sim_oa_sub_pub
